"../../../../../../Users/Nicol/OneDrive/Dokumenter/GitHub/Rugbrd-Kart/UE4_Kart/Content/Blueprint/BP_joe.uasset" 0
"../../../Engine/Content/EditorBlueprintResources/StandardMacros.uasset" 1
"../../../Engine/Content/EngineMaterials/T_Default_Material_Grid_N.uasset" 2
"../../../Engine/Content/EngineMaterials/T_Default_Material_Grid_M.uasset" 3
"../../../Engine/Content/Functions/Engine_MaterialFunctions01/Opacity/CameraDepthFade.uasset" 4
"../../../Engine/Content/EngineMaterials/WorldGridMaterial.uasset" 5
"../../../Engine/Content/BasicShapes/Cube.uasset" 6
"../../../Engine/Content/BasicShapes/BasicShapeMaterial.uasset" 7
"../../../Engine/Content/EngineMaterials/DefaultMaterial.uasset" 8
"../../../Engine/Content/BasicShapes/Sphere.uasset" 9
"../../../../../../Users/Nicol/OneDrive/Dokumenter/GitHub/Rugbrd-Kart/UE4_Kart/Content/Sounds/Tank_moving_sound_effect_1.uasset" 10
"../../../../../../Users/Nicol/OneDrive/Dokumenter/GitHub/Rugbrd-Kart/UE4_Kart/Content/Mesh/rune.uasset" 11
"../../../../../../Users/Nicol/OneDrive/Dokumenter/GitHub/Rugbrd-Kart/UE4_Kart/Content/Mesh/Heely_Plane.uasset" 12
"../../../../../../Users/Nicol/OneDrive/Dokumenter/GitHub/Rugbrd-Kart/UE4_Kart/Content/Textures/shoe.uasset" 13
"../../../../../../Users/Nicol/OneDrive/Dokumenter/GitHub/Rugbrd-Kart/UE4_Kart/Content/Materials/Mat_shoe.uasset" 14
"../../../../../../Users/Nicol/OneDrive/Dokumenter/GitHub/Rugbrd-Kart/UE4_Kart/Content/Textures/runefar2.uasset" 15
"../../../../../../Users/Nicol/OneDrive/Dokumenter/GitHub/Rugbrd-Kart/UE4_Kart/Content/Materials/Mat_Runefar.uasset" 16
"../../../../../../Users/Nicol/OneDrive/Dokumenter/GitHub/Rugbrd-Kart/UE4_Kart/Content/Blueprint/Inventory/CM_Inventory.uasset" 17
"../../../../../../Users/Nicol/OneDrive/Dokumenter/GitHub/Rugbrd-Kart/UE4_Kart/Content/Blueprint/Player/BP_Player.uasset" 18
"../../../../../../Users/Nicol/OneDrive/Dokumenter/GitHub/Rugbrd-Kart/UE4_Kart/Content/Blueprint/Inventory/BP_Item.uasset" 19
"../../../../../../Users/Nicol/OneDrive/Dokumenter/GitHub/Rugbrd-Kart/UE4_Kart/Content/Blueprint/Inventory/ST_Item.uasset" 20
"../../../../../../Users/Nicol/OneDrive/Dokumenter/GitHub/Rugbrd-Kart/UE4_Kart/Content/Blueprint/Inventory/ST_Slot.uasset" 21
"../../../../../../Users/Nicol/OneDrive/Dokumenter/GitHub/Rugbrd-Kart/UE4_Kart/Content/Blueprint/Inventory/W_Inventory_Slot.uasset" 22
"../../../../../../Users/Nicol/OneDrive/Dokumenter/GitHub/Rugbrd-Kart/UE4_Kart/Content/Blueprint/Inventory/W_Inventory_Window.uasset" 23
"../../../../../../Users/Nicol/OneDrive/Dokumenter/GitHub/Rugbrd-Kart/UE4_Kart/Content/Blueprint/Inventory/W_HUD.uasset" 24
"../../../../../../Users/Nicol/OneDrive/Dokumenter/GitHub/Rugbrd-Kart/UE4_Kart/Content/Blueprint/Player/PC_Controller.uasset" 25
"../../../../../../Users/Nicol/OneDrive/Dokumenter/GitHub/Rugbrd-Kart/UE4_Kart/Content/Blueprint/Player/GM_Car.uasset" 26
"../../../../../../Users/Nicol/OneDrive/Dokumenter/GitHub/Rugbrd-Kart/UE4_Kart/Content/Blueprint/Player/PC_Car.uasset" 27
"../../../../../../Users/Nicol/OneDrive/Dokumenter/GitHub/Rugbrd-Kart/UE4_Kart/Content/Textures/TN_Asphalt.uasset" 28
"../../../../../../Users/Nicol/OneDrive/Dokumenter/GitHub/Rugbrd-Kart/UE4_Kart/Content/Textures/T_Asphalt.uasset" 29
"../../../../../../Users/Nicol/OneDrive/Dokumenter/GitHub/Rugbrd-Kart/UE4_Kart/Content/Materials/Mat_Asphalt.uasset" 30
"../../../../../../Users/Nicol/OneDrive/Dokumenter/GitHub/Rugbrd-Kart/UE4_Kart/Content/Materials/Mat_Preset.uasset" 31
"../../../../../../Users/Nicol/OneDrive/Dokumenter/GitHub/Rugbrd-Kart/UE4_Kart/Content/Mesh/BP_DebugColli.uasset" 32
"../../../../../../Users/Nicol/OneDrive/Dokumenter/GitHub/Rugbrd-Kart/UE4_Kart/Content/Mesh/Heely_Cylinder.uasset" 33
"../../../../../../Users/Nicol/OneDrive/Dokumenter/GitHub/Rugbrd-Kart/UE4_Kart/Content/Mesh/M_Debug_Cube.uasset" 34
"../../../../../../Users/Nicol/OneDrive/Dokumenter/GitHub/Rugbrd-Kart/UE4_Kart/Content/Mesh/runefar2.uasset" 35
"../../../Engine/Content/ArtTools/RenderToTexture/Meshes/S_1_Unit_Plane.uasset" 36
"../../../Engine/Content/BasicShapes/Cone.uasset" 37
"../../../Engine/Content/BasicShapes/Plane.uasset" 38
"../../../Engine/Content/EditorLandscapeResources/DataLayer.uasset" 39
"../../../Engine/Content/EditorLandscapeResources/DefaultAlphaTexture.uasset" 40
"../../../Engine/Content/EditorMaterials/MAT_Groups_Toggle.uasset" 41
"../../../Engine/Content/EditorMaterials/MAT_Groups_Visibility.uasset" 42
"../../../Engine/Content/EditorMaterials/PreviewShadowIndicator.uasset" 43
"../../../Engine/Content/EditorMaterials/PreviewShadowIndicatorMaterial.uasset" 44
"../../../Engine/Content/EditorMaterials/MatineeGroups/MAT_ColorTrack.uasset" 45
"../../../Engine/Content/EditorMaterials/MatineeGroups/MAT_Groups_Anim.uasset" 46
"../../../Engine/Content/EditorMaterials/MatineeGroups/MAT_Groups_AudioMaster.uasset" 47
"../../../Engine/Content/EditorMaterials/MatineeGroups/MAT_Groups_Director.uasset" 48
"../../../Engine/Content/EditorMaterials/MatineeGroups/MAT_Groups_Event.uasset" 49
"../../../Engine/Content/EditorMaterials/MatineeGroups/MAT_Groups_Fade.uasset" 50
"../../../Engine/Content/EditorMaterials/MatineeGroups/MAT_Groups_Float.uasset" 51
"../../../Engine/Content/EditorMaterials/MatineeGroups/MAT_Groups_Move.uasset" 52
"../../../Engine/Content/EditorMaterials/MatineeGroups/MAT_Groups_Slomo.uasset" 53
"../../../Engine/Content/EditorMaterials/MatineeGroups/MAT_Groups_Sound.uasset" 54
"../../../Engine/Content/EditorMaterials/MatineeGroups/MAT_Groups_Vector.uasset" 55
"../../../Engine/Content/EditorMaterials/ParticleSystems/PSysThumbnail_NoImage.uasset" 56
"../../../Engine/Content/EditorMaterials/ParticleSystems/PSysThumbnail_OOD.uasset" 57
"../../../Engine/Content/EditorMaterials/Camera/CineMat.uasset" 58
"../../../Engine/Content/EditorMaterials/Camera/MI_CineMat_Rig.uasset" 59
"../../../Engine/Content/EditorMeshes/Camera/SM_CraneRig_Arm.uasset" 60
"../../../Engine/Content/EditorMeshes/Camera/SM_CraneRig_Base.uasset" 61
"../../../Engine/Content/EditorMeshes/Camera/SM_CraneRig_Body.uasset" 62
"../../../Engine/Content/EditorMeshes/Camera/SM_CraneRig_Mount.uasset" 63
"../../../Engine/Content/EditorMeshes/Camera/SM_RailRig_Mount.uasset" 64
"../../../Engine/Content/EditorMeshes/Camera/SM_RailRig_Track.uasset" 65
"../../../Engine/Content/EditorResources/BSPVertex.uasset" 66
"../../../Engine/Content/EditorResources/EmptyActor.uasset" 67
"../../../Engine/Content/EditorResources/S_Actor.uasset" 68
"../../../Engine/Content/EditorResources/S_Note.uasset" 69
"../../../Engine/Content/EditorResources/S_Solver.uasset" 70
"../../../Engine/Content/EditorResources/S_Terrain.uasset" 71
"../../../Engine/Content/EditorResources/S_Trigger.uasset" 72
"../../../Engine/Content/EditorResources/LightIcons/S_LightError.uasset" 73
"../../../Engine/Content/EditorResources/SequenceRecorder/Countdown.uasset" 74
"../../../Engine/Content/EditorResources/SequenceRecorder/RecordingIndicator.uasset" 75
"../../../Engine/Content/EngineDamageTypes/DmgTypeBP_Environmental.uasset" 76
"../../../Engine/Content/EngineDebugMaterials/DebugEditorMaterial.uasset" 77
"../../../Engine/Content/EngineDebugMaterials/DebugMeshMaterial.uasset" 78
"../../../Engine/Content/EngineDebugMaterials/M_SimpleUnlitTranslucent.uasset" 79
"../../../Engine/Content/EngineDebugMaterials/VolumeToRender.uasset" 80
"../../../Engine/Content/Functions/Engine_MaterialFunctions02/Utility/CameraDirectionVector.uasset" 81
"../../../Engine/Content/EngineDebugMaterials/M_VolumeRenderSphereTracePP.uasset" 82
"../../../Engine/Content/Functions/Engine_MaterialFunctions01/Shading/ConvertFromDiffSpec.uasset" 83
"../../../Engine/Content/EngineDebugMaterials/VertexColorMaterial.uasset" 84
"../../../Engine/Content/EngineDebugMaterials/WireframeMaterial.uasset" 85
"../../../Engine/Content/EngineFonts/Faces/RobotoRegular.uasset" 86
"../../../Engine/Content/EngineFonts/Faces/RobotoLight.uasset" 87
"../../../Engine/Content/EngineFonts/Faces/RobotoItalic.uasset" 88
"../../../Engine/Content/EngineFonts/Faces/RobotoBoldItalic.uasset" 89
"../../../Engine/Content/EngineFonts/Faces/RobotoBold.uasset" 90
"../../../Engine/Content/EngineFonts/Faces/DroidSansFallback.uasset" 91
"../../../Engine/Content/EngineFonts/Roboto.uasset" 92
"../../../Engine/Content/EngineMaterials/BaseFlattenNormalMap.uasset" 93
"../../../Engine/Content/EngineMaterials/BaseFlattenGrayscaleMap.uasset" 94
"../../../Engine/Content/EngineMaterials/BaseFlattenEmissiveMap.uasset" 95
"../../../Engine/Content/EngineMaterials/BaseFlattenDiffuseMap.uasset" 96
"../../../Engine/Content/EngineMaterials/BaseFlattenMaterial.uasset" 97
"../../../Engine/Content/EngineMaterials/BlueNoise.uasset" 98
"../../../Engine/Content/EngineMaterials/DefaultBloomKernel.uasset" 99
"../../../Engine/Content/EngineMaterials/DefaultBokeh.uasset" 100
"../../../Engine/Content/EngineMaterials/DefaultDiffuse.uasset" 101
"../../../Engine/Content/EngineMaterials/DefaultDeferredDecalMaterial.uasset" 102
"../../../Engine/Content/EngineMaterials/DefaultLightFunctionMaterial.uasset" 103
"../../../Engine/Content/EngineMaterials/DefaultPhysicalMaterial.uasset" 104
"../../../Engine/Content/Functions/Engine_MaterialFunctions02/Utility/BreakOutFloat2Components.uasset" 105
"../../../Engine/Content/EngineMaterials/DefaultPostProcessMaterial.uasset" 106
"../../../Engine/Content/EngineFonts/RobotoDistanceField.uasset" 107
"../../../Engine/Content/EngineMaterials/DefaultTextMaterialOpaque.uasset" 108
"../../../Engine/Content/EngineMaterials/DefaultWhiteGrid.uasset" 109
"../../../Engine/Content/EngineMaterials/DefaultWhiteGrid_Low.uasset" 110
"../../../Engine/Content/EngineMaterials/EmissiveMeshMaterial.uasset" 111
"../../../Engine/Content/EngineMaterials/GizmoMaterial.uasset" 112
"../../../Engine/Content/EngineMaterials/Good64x64TilingNoiseHighFreq.uasset" 113
"../../../Engine/Content/EngineMaterials/MiniFont.uasset" 114
"../../../Engine/Content/EngineMaterials/InvalidLightmapSettings.uasset" 115
"../../../Engine/Content/EngineMaterials/M_InvalidLightmapSettings.uasset" 116
"../../../Engine/Content/Functions/Engine_MaterialFunctions02/WorldPositionOffset/CameraOffset.uasset" 117
"../../../Engine/Content/EngineMaterials/PhAT_JointLimitMaterial.uasset" 118
"../../../Engine/Content/EngineMaterials/PreintegratedSkinBRDF.uasset" 119
"../../../Engine/Content/EngineMaterials/RemoveSurfaceMaterial.uasset" 120
"../../../Engine/Content/EngineMaterials/WeightMapPlaceholderTexture.uasset" 121
"../../../Engine/Content/EngineResources/WhiteSquareTexture.uasset" 122
"../../../Engine/Content/EngineMaterials/Widget3DPassThrough.uasset" 123
"../../../Engine/Content/EngineMaterials/Widget3DPassThrough_Masked.uasset" 124
"../../../Engine/Content/EngineMaterials/Widget3DPassThrough_Opaque.uasset" 125
"../../../Engine/Content/EngineMaterials/Widget3DPassThrough_Masked_OneSided.uasset" 126
"../../../Engine/Content/EngineMaterials/Widget3DPassThrough_Opaque_OneSided.uasset" 127
"../../../Engine/Content/EngineMaterials/Widget3DPassThrough_Translucent.uasset" 128
"../../../Engine/Content/EngineMaterials/Widget3DPassThrough_Translucent_OneSided.uasset" 129
"../../../Engine/Content/EngineMeshes/Cylinder.uasset" 130
"../../../Engine/Content/EngineMeshes/Sphere.uasset" 131
"../../../Engine/Content/EngineResources/Black.uasset" 132
"../../../Engine/Content/EngineResources/DefaultTextureCube.uasset" 133
"../../../Engine/Content/EngineResources/DefaultVolumeTexture2D.uasset" 134
"../../../Engine/Content/EngineResources/DefaultVolumeTexture.uasset" 135
"../../../Engine/Content/EngineResources/GradientTexture0.uasset" 136
"../../../Engine/Content/EngineSky/VolumetricClouds/T_NoiseShape64.uasset" 137
"../../../Engine/Content/EngineSky/VolumetricClouds/T_VolumeNoiseShape64.uasset" 138
"../../../Engine/Content/EngineSky/VolumetricClouds/T_NoiseErosion.uasset" 139
"../../../Engine/Content/EngineSky/VolumetricClouds/T_VolumeNoiseErosion32.uasset" 140
"../../../Engine/Content/EngineSky/VolumetricClouds/CloudWeatherTexture.uasset" 141
"../../../Engine/Content/EngineSky/VolumetricClouds/CloudGradientTexture.uasset" 142
"../../../Engine/Content/Functions/Engine_MaterialFunctions02/Utility/MakeFloat2.uasset" 143
"../../../Engine/Content/EngineSky/VolumetricClouds/m_SimpleVolumetricCloud.uasset" 144
"../../../Engine/Content/EngineSky/VolumetricClouds/m_SimpleVolumetricCloud_Inst.uasset" 145
"../../../Engine/Content/EngineSounds/Master.uasset" 146
"../../../Engine/Content/Functions/Engine_MaterialFunctions01/Shading/PowerToRoughness.uasset" 147
"../../../Engine/Content/Maps/Templates/Thumbnails/Default.uasset" 148
"../../../Engine/Content/Maps/Templates/Thumbnails/TimeOfDay.uasset" 149
"../../../Engine/Content/Maps/Templates/Thumbnails/VR-Basic.uasset" 150
"../../../Engine/Content/MobileResources/T_MobileControls_texture.uasset" 151
"../../../Engine/Content/MobileResources/T_MobileMenu2.uasset" 152
"../../../Engine/Content/MobileResources/HUD/AnalogHat.uasset" 153
"../../../Engine/Content/MobileResources/HUD/VirtualJoystick_Thumb.uasset" 154
"../../../Engine/Content/MobileResources/HUD/VirtualJoystick_Background.uasset" 155
"../../../Engine/Content/MobileResources/HUD/DefaultVirtualJoysticks.uasset" 156
"../../../Engine/Content/MobileResources/HUD/LeftVirtualJoystickOnly.uasset" 157
"../../../Engine/Content/MobileResources/HUD/MobileHUDButton1_off.uasset" 158
"../../../Engine/Content/MobileResources/HUD/MobileHUDButton1_on.uasset" 159
"../../../Engine/Content/MobileResources/HUD/MobileHUDButton2_off.uasset" 160
"../../../Engine/Content/MobileResources/HUD/MobileHUDButton2_on.uasset" 161
"../../../Engine/Content/MobileResources/HUD/MobileHUDButton3.uasset" 162
"../../../Engine/Content/MobileResources/HUD/MobileHUDButtonFire.uasset" 163
"../../../Engine/Content/MobileResources/HUD/MobileHUDDirectionPad.uasset" 164
"../../../Engine/Content/MobileResources/HUD/MobileHUDDirectionPad2.uasset" 165
"../../../Engine/Content/MobileResources/HUD/MobileHUDDirectionPad3.uasset" 166
"../../../Engine/Content/MobileResources/HUD/MobileHUDDirectionStick.uasset" 167
"../../../Engine/Content/MobileResources/HUD/T_Castle_ThumbstickInner.uasset" 168
"../../../Engine/Content/MobileResources/HUD/T_Castle_ThumbstickOutter.uasset" 169
"../../../Engine/Content/Tutorial/ContentIntroCurve.uasset" 170
"../../../Engine/Content/Tutorial/Basics/LevelEditorAttract.uasset" 171
"../../../Engine/Content/Tutorial/Installation/InstallingVisualStudioTutorial.uasset" 172
"../../../Engine/Content/VREditor/TransformGizmo/TranslucentTransformGizmoMaterial.uasset" 173
"../../../Engine/Content/VREditor/LaserPointer/VR_LaserPower_01.uasset" 174
"../../../Engine/Content/VREditor/TransformGizmo/TransformGizmoMaterial.uasset" 175
"../../../Engine/Content/VREditor/TransformGizmo/BoundingBoxCorner.uasset" 176
"../../../Engine/Content/VREditor/TransformGizmo/BoundingBoxEdge.uasset" 177
"../../../Engine/Content/VREditor/TransformGizmo/PlaneTranslationHandle.uasset" 178
"../../../Engine/Content/VREditor/TransformGizmo/Xray.uasset" 179
"../../../Engine/Content/VREditor/TransformGizmo/Main.uasset" 180
"../../../Engine/Content/VREditor/TransformGizmo/SM_Sequencer_Key.uasset" 181
"../../../Engine/Content/VREditor/TransformGizmo/SM_Sequencer_Node.uasset" 182
"../../Plugins/2D/Paper2D/Content/PlaceholderTextures/DummySpriteTexture.uasset" 183
"../../Plugins/2D/Paper2D/Content/DummySprite.uasset" 184
"../../Plugins/2D/Paper2D/Content/DefaultPaperTerrainMaterial.uasset" 185
"../../Plugins/2D/Paper2D/Content/DefaultSpriteMaterial.uasset" 186
"../../Plugins/2D/Paper2D/Content/MaskedUnlitSpriteMaterial.uasset" 187
"../../Plugins/2D/Paper2D/Content/OpaqueUnlitSpriteMaterial.uasset" 188
"../../../Engine/Content/Functions/Engine_MaterialFunctions02/ObjectLocalBounds.uasset" 189
"../../../Engine/Content/Functions/Engine_MaterialFunctions02/Utility/BreakOutFloat3Components.uasset" 190
"../../Plugins/Editor/SpeedTreeImporter/Content/SpeedTree9/UnpackInteger3.uasset" 191
"../../Plugins/Editor/SpeedTreeImporter/Content/SpeedTree9/UnpackDirection.uasset" 192
"../../Plugins/Editor/SpeedTreeImporter/Content/SpeedTree9/game_wind_noise.uasset" 193
"../../../Engine/Content/Functions/Engine_MaterialFunctions02/SafeNormalize.uasset" 194
"../../Plugins/Editor/SpeedTreeImporter/Content/SpeedTree9/SpeedTreeWindMotion.uasset" 195
"../../Plugins/Editor/SpeedTreeImporter/Content/SpeedTree9/SpeedTreeBranchMotion.uasset" 196
"../../../Engine/Content/Functions/Engine_MaterialFunctions02/UVs/BoundingBoxBased_0-1_UVW.uasset" 197
"../../Plugins/Editor/SpeedTreeImporter/Content/SpeedTree9/SpeedTreeWind.uasset" 198
"../../Plugins/Editor/SpeedTreeImporter/Content/SpeedTree9/SpeedTreeBillboard.uasset" 199
"../../../Engine/Content/EngineResources/DefaultTexture.uasset" 200
"../../Plugins/Editor/SpeedTreeImporter/Content/SpeedTree9/SpeedTreeBillboardMaster.uasset" 201
"../../Plugins/Editor/SpeedTreeImporter/Content/SpeedTree9/SpeedTreeCameraFacing.uasset" 202
"../../Plugins/Editor/SpeedTreeImporter/Content/SpeedTree9/SpeedTreeMaster.uasset" 203
"../../../Engine/Content/BasicShapes/Cylinder.uasset" 204
"../../../Engine/Content/ArtTools/RenderToTexture/Materials/Debug/M_Emissive_Color.uasset" 205
"../../Plugins/Lumin/MagicLeapPassableWorld/Content/MagicLeapARPinInfoActor.uasset" 206
"../../../Engine/Content/Functions/Engine_MaterialFunctions02/Utility/BreakOutFloat4Components.uasset" 207
"../../../Engine/Content/Functions/Engine_MaterialFunctions02/Utility/MakeFloat3.uasset" 208
"../../Plugins/Runtime/Oculus/OculusVR/Content/Materials/OculusMR_ChromaKey.uasset" 209
"../../Plugins/Runtime/Oculus/OculusVR/Content/Materials/OculusMR_OpaqueColoredMaterial.uasset" 210
"../../Plugins/Runtime/Oculus/OculusVR/Content/Materials/PokeAHoleMaterial.uasset" 211
"../../../../../../Users/Nicol/OneDrive/Dokumenter/GitHub/Rugbrd-Kart/UE4_Kart/Content/Mesh/M_track.uasset" 212
"../../../../../../Users/Nicol/OneDrive/Dokumenter/GitHub/Rugbrd-Kart/UE4_Kart/Content/Textures/start.uasset" 213
"../../../../../../Users/Nicol/OneDrive/Dokumenter/GitHub/Rugbrd-Kart/UE4_Kart/Content/Materials/start_Mat.uasset" 214
"../../../../../../Users/Nicol/OneDrive/Dokumenter/GitHub/Rugbrd-Kart/UE4_Kart/Content/Materials/Mat_Road.uasset" 215
"../../../../../../Users/Nicol/OneDrive/Dokumenter/GitHub/Rugbrd-Kart/UE4_Kart/Content/Materials/Mat_Banner.uasset" 216
"../../../../../../Users/Nicol/OneDrive/Dokumenter/GitHub/Rugbrd-Kart/UE4_Kart/Content/Map/MAP_Debug_BuiltData.uasset" 217
"../../../../../../Users/Nicol/OneDrive/Dokumenter/GitHub/Rugbrd-Kart/UE4_Kart/Content/Blueprint/Inventory/BP_Item_Debug.uasset" 218
"../../../../../../Users/Nicol/OneDrive/Dokumenter/GitHub/Rugbrd-Kart/UE4_Kart/Content/Map/MAP_Debug.umap" 219
"../../../Engine/Content/Maps/Entry_BuiltData.uasset" 220
"../../../Engine/Content/Maps/Entry.umap" 221
